<?xml version='1.0' encoding='UTF-8'?>
<testsuite hostname="DESKTOP-SR0RB1U" name="edu.colorado.csci3155s2021.project2.CanvasTests" tests="11" errors="0" failures="0" skipped="0" time="0.046" timestamp="2021-04-07T14:53:51">
                     <properties>
[...]
</properties>
                     <testcase classname="edu.colorado.csci3155s2021.project2.CanvasTests" name="Test Bounding Box with Polygon" time="0.031">
                                                 
                                               </testcase><testcase classname="edu.colorado.csci3155s2021.project2.CanvasTests" name="Test Bounding Box with Circle" time="0.002">
                                                 
                                               </testcase><testcase classname="edu.colorado.csci3155s2021.project2.CanvasTests" name="Test Bounding Box with two circles and one polygon" time="0.0">
                                                 
                                               </testcase><testcase classname="edu.colorado.csci3155s2021.project2.CanvasTests" name="Test Overlap of two figures" time="0.001">
                                                 
                                               </testcase><testcase classname="edu.colorado.csci3155s2021.project2.CanvasTests" name="Test Place Right" time="0.001">
                                                 
                                               </testcase><testcase classname="edu.colorado.csci3155s2021.project2.CanvasTests" name="Test Place Top" time="0.0">
                                                 
                                               </testcase><testcase classname="edu.colorado.csci3155s2021.project2.CanvasTests" name="Test Rotate 0" time="0.004">
                                                 
                                               </testcase><testcase classname="edu.colorado.csci3155s2021.project2.CanvasTests" name="Test Rotate 1" time="0.0">
                                                 
                                               </testcase><testcase classname="edu.colorado.csci3155s2021.project2.CanvasTests" name="Test Rotate 2" time="0.003">
                                                 
                                               </testcase><testcase classname="edu.colorado.csci3155s2021.project2.CanvasTests" name="Test Rotate 3" time="0.003">
                                                 
                                               </testcase><testcase classname="edu.colorado.csci3155s2021.project2.CanvasTests" name="Test Translate" time="0.001">
                                                 
                                               </testcase>
                     <system-out><![CDATA[]]></system-out>
                     <system-err><![CDATA[]]></system-err>
                   </testsuite>