[debug] Running TaskDef(edu.colorado.csci3155.project3.ArcadeGameTests, org.scalatest.tools.Framework$$anon$1@51c98e16, false, [SuiteSelector])
[debug] Running TaskDef(edu.colorado.csci3155.project3.Automaton1Tests, org.scalatest.tools.Framework$$anon$1@51c98e16, false, [SuiteSelector])
[info] Automaton1Tests:
[info] - Test 1 for MainEventLoop.processOneEvent *** FAILED ***
[info]   scala.NotImplementedError: an implementation is missing
[info]   at scala.Predef$.$qmark$qmark$qmark(Predef.scala:288)
[info]   at edu.colorado.csci3155.project3.MainEventLoop.processOneEvent(MainEventLoop.scala:118)
[info]   at edu.colorado.csci3155.project3.Automaton1Tests.$anonfun$new$1(Automaton1Tests.scala:51)
[info]   at org.scalatest.OutcomeOf.outcomeOf(OutcomeOf.scala:85)
[info]   at org.scalatest.OutcomeOf.outcomeOf$(OutcomeOf.scala:83)
[info]   at org.scalatest.OutcomeOf$.outcomeOf(OutcomeOf.scala:104)
[info]   at org.scalatest.Transformer.apply(Transformer.scala:22)
[info]   at org.scalatest.Transformer.apply(Transformer.scala:20)
[info]   at org.scalatest.FunSuiteLike$$anon$1.apply(FunSuiteLike.scala:186)
[info]   at org.scalatest.TestSuite.withFixture(TestSuite.scala:196)
[info]   ...
[info] - Test 2 for MainEventLoop.processOneEvent *** FAILED ***
[info]   scala.NotImplementedError: an implementation is missing
[info]   at scala.Predef$.$qmark$qmark$qmark(Predef.scala:288)
[info]   at edu.colorado.csci3155.project3.MainEventLoop.performOneTransition(MainEventLoop.scala:146)
[info]   at edu.colorado.csci3155.project3.Automaton1Tests.$anonfun$new$2(Automaton1Tests.scala:72)
[info]   at org.scalatest.OutcomeOf.outcomeOf(OutcomeOf.scala:85)
[info]   at org.scalatest.OutcomeOf.outcomeOf$(OutcomeOf.scala:83)
[info]   at org.scalatest.OutcomeOf$.outcomeOf(OutcomeOf.scala:104)
[info]   at org.scalatest.Transformer.apply(Transformer.scala:22)
[info]   at org.scalatest.Transformer.apply(Transformer.scala:20)
[info]   at org.scalatest.FunSuiteLike$$anon$1.apply(FunSuiteLike.scala:186)
[info]   at org.scalatest.TestSuite.withFixture(TestSuite.scala:196)
[info]   ...
[info] - Stop Event must remove all entities *** FAILED ***
[info]   scala.NotImplementedError: an implementation is missing
[info]   at scala.Predef$.$qmark$qmark$qmark(Predef.scala:288)
[info]   at edu.colorado.csci3155.project3.MainEventLoop.performOneTransition(MainEventLoop.scala:146)
[info]   at edu.colorado.csci3155.project3.Automaton1Tests.$anonfun$new$3(Automaton1Tests.scala:95)
[info]   at org.scalatest.OutcomeOf.outcomeOf(OutcomeOf.scala:85)
[info]   at org.scalatest.OutcomeOf.outcomeOf$(OutcomeOf.scala:83)
[info]   at org.scalatest.OutcomeOf$.outcomeOf(OutcomeOf.scala:104)
[info]   at org.scalatest.Transformer.apply(Transformer.scala:22)
[info]   at org.scalatest.Transformer.apply(Transformer.scala:20)
[info]   at org.scalatest.FunSuiteLike$$anon$1.apply(FunSuiteLike.scala:186)
[info]   at org.scalatest.TestSuite.withFixture(TestSuite.scala:196)
[info]   ...
[info] - Test five ticks in a row *** FAILED ***
[info]   scala.NotImplementedError: an implementation is missing
[info]   at scala.Predef$.$qmark$qmark$qmark(Predef.scala:288)
[info]   at edu.colorado.csci3155.project3.MainEventLoop.performOneTransition(MainEventLoop.scala:146)
[info]   at edu.colorado.csci3155.project3.Automaton1Tests.$anonfun$new$5(Automaton1Tests.scala:112)
[info]   at org.scalatest.OutcomeOf.outcomeOf(OutcomeOf.scala:85)
[info]   at org.scalatest.OutcomeOf.outcomeOf$(OutcomeOf.scala:83)
[info]   at org.scalatest.OutcomeOf$.outcomeOf(OutcomeOf.scala:104)
[info]   at org.scalatest.Transformer.apply(Transformer.scala:22)
[info]   at org.scalatest.Transformer.apply(Transformer.scala:20)
[info]   at org.scalatest.FunSuiteLike$$anon$1.apply(FunSuiteLike.scala:186)
[info]   at org.scalatest.TestSuite.withFixture(TestSuite.scala:196)
[info]   ...
[info] ArcadeGameTests:
[info] - Move event must apply to the DartShooter entity and nothing else *** FAILED ***
[info]   scala.NotImplementedError: an implementation is missing
[info]   at scala.Predef$.$qmark$qmark$qmark(Predef.scala:288)
[info]   at edu.colorado.csci3155.project3.Move.appliesTo(ArcadeGame.scala:43)
[info]   at edu.colorado.csci3155.project3.ArcadeGameTests.$anonfun$new$1(ArcadeGameTests.scala:9)
[info]   at org.scalatest.OutcomeOf.outcomeOf(OutcomeOf.scala:85)
[info]   at org.scalatest.OutcomeOf.outcomeOf$(OutcomeOf.scala:83)
[info]   at org.scalatest.OutcomeOf$.outcomeOf(OutcomeOf.scala:104)
[info]   at org.scalatest.Transformer.apply(Transformer.scala:22)
[info]   at org.scalatest.Transformer.apply(Transformer.scala:20)
[info]   at org.scalatest.FunSuiteLike$$anon$1.apply(FunSuiteLike.scala:186)
[info]   at org.scalatest.TestSuite.withFixture(TestSuite.scala:196)
[info]   ...
[info] - ShootDart event must apply only to the DartShooter entity  *** FAILED ***
[info]   scala.NotImplementedError: an implementation is missing
[info]   at scala.Predef$.$qmark$qmark$qmark(Predef.scala:288)
[info]   at edu.colorado.csci3155.project3.ShootDart$.appliesTo(ArcadeGame.scala:48)
[info]   at edu.colorado.csci3155.project3.ArcadeGameTests.$anonfun$new$2(ArcadeGameTests.scala:21)
[info]   at org.scalatest.OutcomeOf.outcomeOf(OutcomeOf.scala:85)
[info]   at org.scalatest.OutcomeOf.outcomeOf$(OutcomeOf.scala:83)
[info]   at org.scalatest.OutcomeOf$.outcomeOf(OutcomeOf.scala:104)
[info]   at org.scalatest.Transformer.apply(Transformer.scala:22)
[info]   at org.scalatest.Transformer.apply(Transformer.scala:20)
[info]   at org.scalatest.FunSuiteLike$$anon$1.apply(FunSuiteLike.scala:186)
[info]   at org.scalatest.TestSuite.withFixture(TestSuite.scala:196)
[info]   ...
[info] - BaloonBurst event must apply  the ArcadeGameManager and DartShooter *** FAILED ***
[info]   scala.NotImplementedError: an implementation is missing
[info]   at scala.Predef$.$qmark$qmark$qmark(Predef.scala:288)
[info]   at edu.colorado.csci3155.project3.BaloonBurst$.appliesTo(ArcadeGame.scala:58)
[info]   at edu.colorado.csci3155.project3.ArcadeGameTests.$anonfun$new$3(ArcadeGameTests.scala:33)
[info]   at org.scalatest.OutcomeOf.outcomeOf(OutcomeOf.scala:85)
[info]   at org.scalatest.OutcomeOf.outcomeOf$(OutcomeOf.scala:83)
[info]   at org.scalatest.OutcomeOf$.outcomeOf(OutcomeOf.scala:104)
[info]   at org.scalatest.Transformer.apply(Transformer.scala:22)
[info]   at org.scalatest.Transformer.apply(Transformer.scala:20)
[info]   at org.scalatest.FunSuiteLike$$anon$1.apply(FunSuiteLike.scala:186)
[info]   at org.scalatest.TestSuite.withFixture(TestSuite.scala:196)
[info]   ...
[info] - BaloonEscaped event must apply  to the ArcadeGameManager only *** FAILED ***
[info]   scala.NotImplementedError: an implementation is missing
[info]   at scala.Predef$.$qmark$qmark$qmark(Predef.scala:288)
[info]   at edu.colorado.csci3155.project3.BaloonEscaped$.appliesTo(ArcadeGame.scala:53)
[info]   at edu.colorado.csci3155.project3.ArcadeGameTests.$anonfun$new$4(ArcadeGameTests.scala:45)
[info]   at org.scalatest.OutcomeOf.outcomeOf(OutcomeOf.scala:85)
[info]   at org.scalatest.OutcomeOf.outcomeOf$(OutcomeOf.scala:83)
[info]   at org.scalatest.OutcomeOf$.outcomeOf(OutcomeOf.scala:104)
[info]   at org.scalatest.Transformer.apply(Transformer.scala:22)
[info]   at org.scalatest.Transformer.apply(Transformer.scala:20)
[info]   at org.scalatest.FunSuiteLike$$anon$1.apply(FunSuiteLike.scala:186)
[info]   at org.scalatest.TestSuite.withFixture(TestSuite.scala:196)
[info]   ...
[info] - Boom(x,y) event must apply to arcade baloons that are nearby *** FAILED ***
[info]   scala.NotImplementedError: an implementation is missing
[info]   at scala.Predef$.$qmark$qmark$qmark(Predef.scala:288)
[info]   at edu.colorado.csci3155.project3.Boom.appliesTo(ArcadeGame.scala:64)
[info]   at edu.colorado.csci3155.project3.ArcadeGameTests.$anonfun$new$5(ArcadeGameTests.scala:57)
[info]   at org.scalatest.OutcomeOf.outcomeOf(OutcomeOf.scala:85)
[info]   at org.scalatest.OutcomeOf.outcomeOf$(OutcomeOf.scala:83)
[info]   at org.scalatest.OutcomeOf$.outcomeOf(OutcomeOf.scala:104)
[info]   at org.scalatest.Transformer.apply(Transformer.scala:22)
[info]   at org.scalatest.Transformer.apply(Transformer.scala:20)
[info]   at org.scalatest.FunSuiteLike$$anon$1.apply(FunSuiteLike.scala:186)
[info]   at org.scalatest.TestSuite.withFixture(TestSuite.scala:196)
[info]   ...
[info] - Test for handling of Tick event for ArcadeGameManager entity *** FAILED ***
[info]   scala.NotImplementedError: an implementation is missing
[info]   at scala.Predef$.$qmark$qmark$qmark(Predef.scala:288)
[info]   at edu.colorado.csci3155.project3.ArcadeGameManager.handleEvent(ArcadeGame.scala:89)
[info]   at edu.colorado.csci3155.project3.ArcadeGameTests.$anonfun$new$7(ArcadeGameTests.scala:67)
[info]   at edu.colorado.csci3155.project3.ArcadeGameTests.$anonfun$new$7$adapted(ArcadeGameTests.scala:66)
[info]   at scala.collection.immutable.Range.foreach(Range.scala:158)
[info]   at edu.colorado.csci3155.project3.ArcadeGameTests.$anonfun$new$6(ArcadeGameTests.scala:66)
[info]   at scala.runtime.java8.JFunction0$mcV$sp.apply(JFunction0$mcV$sp.java:23)
[info]   at org.scalatest.OutcomeOf.outcomeOf(OutcomeOf.scala:85)
[info]   at org.scalatest.OutcomeOf.outcomeOf$(OutcomeOf.scala:83)
[info]   at org.scalatest.OutcomeOf$.outcomeOf(OutcomeOf.scala:104)
[info]   ...
[info] - Test for handling BaloonEscaped/BaloonBurst Event for ArcadeGameManager entity  *** FAILED ***
[info]   scala.NotImplementedError: an implementation is missing
[info]   at scala.Predef$.$qmark$qmark$qmark(Predef.scala:288)
[info]   at edu.colorado.csci3155.project3.ArcadeGameManager.handleEvent(ArcadeGame.scala:91)
[info]   at edu.colorado.csci3155.project3.ArcadeGameTests.$anonfun$new$9(ArcadeGameTests.scala:84)
[info]   at org.scalatest.OutcomeOf.outcomeOf(OutcomeOf.scala:85)
[info]   at org.scalatest.OutcomeOf.outcomeOf$(OutcomeOf.scala:83)
[info]   at org.scalatest.OutcomeOf$.outcomeOf(OutcomeOf.scala:104)
[info]   at org.scalatest.Transformer.apply(Transformer.scala:22)
[info]   at org.scalatest.Transformer.apply(Transformer.scala:20)
[info]   at org.scalatest.FunSuiteLike$$anon$1.apply(FunSuiteLike.scala:186)
[info]   at org.scalatest.TestSuite.withFixture(TestSuite.scala:196)
[info]   ...
[info] - Test for handling Tick event for ArcadeBaloon *** FAILED ***
[info]   scala.NotImplementedError: an implementation is missing
[info]   at scala.Predef$.$qmark$qmark$qmark(Predef.scala:288)
[info]   at edu.colorado.csci3155.project3.ArcadeBaloon.handleEvent(ArcadeGame.scala:121)
[info]   at edu.colorado.csci3155.project3.ArcadeGameTests.$anonfun$new$10(ArcadeGameTests.scala:101)
[info]   at org.scalatest.OutcomeOf.outcomeOf(OutcomeOf.scala:85)
[info]   at org.scalatest.OutcomeOf.outcomeOf$(OutcomeOf.scala:83)
[info]   at org.scalatest.OutcomeOf$.outcomeOf(OutcomeOf.scala:104)
[info]   at org.scalatest.Transformer.apply(Transformer.scala:22)
[info]   at org.scalatest.Transformer.apply(Transformer.scala:20)
[info]   at org.scalatest.FunSuiteLike$$anon$1.apply(FunSuiteLike.scala:186)
[info]   at org.scalatest.TestSuite.withFixture(TestSuite.scala:196)
[info]   ...
[info] - Testing Boom event for arcade baloon
[info] - Testing Tick event for a Dart  *** FAILED ***
[info]   scala.NotImplementedError: an implementation is missing
[info]   at scala.Predef$.$qmark$qmark$qmark(Predef.scala:288)
[info]   at edu.colorado.csci3155.project3.Dart.handleEvent(ArcadeGame.scala:141)
[info]   at edu.colorado.csci3155.project3.ArcadeGameTests.$anonfun$new$13(ArcadeGameTests.scala:133)
[info]   at org.scalatest.OutcomeOf.outcomeOf(OutcomeOf.scala:85)
[info]   at org.scalatest.OutcomeOf.outcomeOf$(OutcomeOf.scala:83)
[info]   at org.scalatest.OutcomeOf$.outcomeOf(OutcomeOf.scala:104)
[info]   at org.scalatest.Transformer.apply(Transformer.scala:22)
[info]   at org.scalatest.Transformer.apply(Transformer.scala:20)
[info]   at org.scalatest.FunSuiteLike$$anon$1.apply(FunSuiteLike.scala:186)
[info]   at org.scalatest.TestSuite.withFixture(TestSuite.scala:196)
[info]   ...
[info] Run completed in 500 milliseconds.
[info] Total number of tests run: 14
[info] Suites: completed 2, aborted 0
[info] Tests: succeeded 1, failed 13, canceled 0, ignored 0, pending 0
[info] *** 13 TESTS FAILED ***
[error] Failed tests:
[error] 	edu.colorado.csci3155.project3.Automaton1Tests
[error] 	edu.colorado.csci3155.project3.ArcadeGameTests
[error] (Test / test) sbt.TestsFailedException: Tests unsuccessful
